<?xml version="1.0" encoding="UTF-8"?>
<!-- Generated by org.testng.reporters.JUnitReportReporter -->
<testsuite hostname="Boza" failures="0" tests="1" name="test.RegistrationPageTest" time="44.950" errors="0" timestamp="2020-04-14T21:20:10 CEST" skipped="0">
  <testcase classname="test.RegistrationPageTest" name="createAccount" time="44.950"/>
  <system-out/>
</testsuite> <!-- test.RegistrationPageTest -->
