<?xml version="1.0" encoding="UTF-8"?>
<!-- Generated by org.testng.reporters.JUnitReportReporter -->
<testsuite hostname="Boza" failures="0" tests="4" name="test.HomePageTest" time="34.469" errors="0" timestamp="2020-04-14T20:02:40 CEST" skipped="0">
  <testcase classname="test.HomePageTest" name="testOpeningHomePage" time="1.529"/>
  <system-out/>
  <testcase classname="test.HomePageTest" name="testHoverWomen" time="22.578"/>
  <system-out/>
  <testcase classname="test.HomePageTest" name="testHoverDresses" time="3.517"/>
  <system-out/>
  <testcase classname="test.HomePageTest" name="testEqualSummerDressesURL" time="6.845"/>
  <system-out/>
</testsuite> <!-- test.HomePageTest -->
