<?xml version="1.0" encoding="UTF-8"?>
<!-- Generated by org.testng.reporters.JUnitReportReporter -->
<testsuite hostname="Boza" failures="0" tests="1" name="test.SummerDressesTest" time="57.908" errors="0" timestamp="2020-04-14T20:04:13 CEST" skipped="0">
  <testcase classname="test.SummerDressesTest" name="addDressToCart" time="57.908"/>
  <system-out/>
</testsuite> <!-- test.SummerDressesTest -->
